
/home/runner/work/exp-z-test-iitb/exp-z-test-iitb/experiment/simulation/common_libraries/js/ts_components/collapse_step.js
   1:10  warning  'show_step' is defined but never used                 no-unused-vars
   2:5   warning  '$' is not defined                                    no-undef
   3:9   warning  '$' is not defined                                    no-undef
   6:10  warning  'hide_step' is defined but never used                 no-unused-vars
   7:5   warning  '$' is not defined                                    no-undef
   8:9   warning  '$' is not defined                                    no-undef
  11:10  warning  'get_collapse_btn_text' is defined but never used     no-unused-vars
  20:10  warning  'get_collapse_btn_element' is defined but never used  no-unused-vars
  29:10  warning  'hide_all_steps' is defined but never used            no-unused-vars
  31:9   warning  '$' is not defined                                    no-undef

/home/runner/work/exp-z-test-iitb/exp-z-test-iitb/experiment/simulation/common_libraries/js/ts_components/matrix.js
   27:26  warning  'MathJax' is not defined                                no-undef
   32:7   warning  'Matrix_Without_String' is defined but never used       no-unused-vars
   52:26  warning  'MathJax' is not defined                                no-undef
   56:10  warning  'get_matrix_html' is defined but never used             no-unused-vars
   87:13  warning  'row_html' is assigned a value but never used           no-unused-vars
   99:10  warning  'get_matrix_html_with_title' is defined but never used  no-unused-vars
  131:13  warning  'row_html' is assigned a value but never used           no-unused-vars
  143:10  warning  'convert_2d_to_1d_vector' is defined but never used     no-unused-vars
  156:10  warning  'convert_1d_to_2d_matrix' is defined but never used     no-unused-vars

/home/runner/work/exp-z-test-iitb/exp-z-test-iitb/experiment/simulation/common_libraries/js/ts_components/pannel.js
  8:7  warning  'Pannel' is defined but never used  no-unused-vars

/home/runner/work/exp-z-test-iitb/exp-z-test-iitb/experiment/simulation/common_libraries/js/ts_components/questions.js
   6:17  warning  'op1' is assigned a value but never used      no-unused-vars
   7:17  warning  'op2' is assigned a value but never used      no-unused-vars
   8:17  warning  'op3' is assigned a value but never used      no-unused-vars
   9:17  warning  'op4' is assigned a value but never used      no-unused-vars
  94:7   warning  'Question_Options' is defined but never used  no-unused-vars

/home/runner/work/exp-z-test-iitb/exp-z-test-iitb/experiment/simulation/common_libraries/js/ts_components/tables.js
   19:22  warning  'verify_values' is not defined                                     no-undef
  137:22  warning  'verify_values' is not defined                                     no-undef
  260:7   warning  'Verify_Rows_Cols_6_decimal_places' is defined but never used      no-unused-vars
  311:22  warning  'verify_values' is not defined                                     no-undef
  416:7   warning  'Verify_Rows_Cols_Custom_Fixed_Update1' is defined but never used  no-unused-vars
  468:7   warning  'Show_Table_Custom_Fixed' is defined but never used                no-unused-vars
  506:7   warning  'Verify_Rows_Cols_Strings' is defined but never used               no-unused-vars
  527:22  warning  'verify_values' is not defined                                     no-undef
  663:7   warning  'Display_Table' is defined but never used                          no-unused-vars

/home/runner/work/exp-z-test-iitb/exp-z-test-iitb/experiment/simulation/common_libraries/js/ts_math_library/general_math_functions.js
    1:10  warning  'verify_values' is defined but never used                   no-unused-vars
   17:10  warning  'random1' is defined but never used                         no-unused-vars
   21:10  warning  'std_deviation' is defined but never used                   no-unused-vars
   26:10  warning  'gauss' is defined but never used                           no-unused-vars
   56:10  warning  'hide_panel' is defined but never used                      no-unused-vars
   63:10  warning  'inverse_matrix' is defined but never used                  no-unused-vars
   96:10  warning  'matrix_multiplication' is defined but never used           no-unused-vars
  113:10  warning  'transpose_matrix' is defined but never used                no-unused-vars
  123:10  warning  'matrix_multiplication_8decimal' is defined but never used  no-unused-vars
  140:10  warning  'adjoint_2x2_matrix' is defined but never used              no-unused-vars
  145:10  warning  'find_deteminant' is defined but never used                 no-unused-vars
  174:10  warning  'get_Submatrix' is defined but never used                   no-unused-vars

/home/runner/work/exp-z-test-iitb/exp-z-test-iitb/experiment/simulation/common_libraries/js/ts_math_library/regression.js
   1:10  warning  'regression_linear' is defined but never used            no-unused-vars
  18:10  warning  'regression_linear_1variable' is defined but never used  no-unused-vars
  27:10  warning  'regression_linear_2variable' is defined but never used  no-unused-vars
  52:11  warning  'gauss' is not defined                                   no-undef

/home/runner/work/exp-z-test-iitb/exp-z-test-iitb/experiment/simulation/common_libraries/math.ob.js
  1:745  warning  'b' is already defined  no-redeclare

/home/runner/work/exp-z-test-iitb/exp-z-test-iitb/experiment/simulation/js/activity1.js
   20:10  warning  'start_act1' is defined but never used               no-unused-vars
   23:20  warning  'get_collapse_btn_text' is not defined               no-undef
   53:5   warning  'hide_all_steps' is not defined                      no-undef
   55:9   warning  'show_step' is not defined                           no-undef
   70:10  warning  'set_n' is defined but never used                    no-unused-vars
   74:9   warning  'N' is not defined                                   no-undef
   78:9   warning  'N' is not defined                                   no-undef
   83:10  warning  'internal_calculations_1' is defined but never used  no-unused-vars
   87:28  warning  'N' is not defined                                   no-undef
   88:5   warning  'k' is not defined                                   no-undef
   89:5   warning  'k' is not defined                                   no-undef
   91:5   warning  'epsilon' is not defined                             no-undef
   94:5   warning  'mu_0' is not defined                                no-undef
   95:5   warning  'sigma' is not defined                               no-undef
   96:5   warning  'mu_0' is not defined                                no-undef
   96:24  warning  'X_bar' is not defined                               no-undef
   96:53  warning  'k' is not defined                                   no-undef
   96:58  warning  'k' is not defined                                   no-undef
   97:5   warning  'sigma' is not defined                               no-undef
   98:22  warning  'X' is not defined                                   no-undef
  105:5   warning  'x0' is not defined                                  no-undef
  106:25  warning  'N' is not defined                                   no-undef
  114:5   warning  'x0' is not defined                                  no-undef
  115:5   warning  'sum_x' is not defined                               no-undef
  116:5   warning  'X' is not defined                                   no-undef
  117:21  warning  'x0' is not defined                                  no-undef
  118:25  warning  'x0' is not defined                                  no-undef
  119:9   warning  'X' is not defined                                   no-undef
  119:28  warning  'x0' is not defined                                  no-undef
  119:36  warning  'x0' is not defined                                  no-undef
  119:52  warning  'epsilon' is not defined                             no-undef
  120:9   warning  'sum_x' is not defined                               no-undef
  120:18  warning  'X' is not defined                                   no-undef
  122:5   warning  'X' is not defined                                   no-undef
  122:9   warning  'X' is not defined                                   no-undef
  123:5   warning  'sum_x' is not defined                               no-undef
  123:24  warning  'sum_x' is not defined                               no-undef
  124:5   warning  'X_bar' is not defined                               no-undef
  124:25  warning  'sum_x' is not defined                               no-undef
  124:33  warning  'N' is not defined                                   no-undef
  125:23  warning  'x0' is not defined                                  no-undef
  126:25  warning  'sum_x' is not defined                               no-undef
  127:26  warning  'X_bar' is not defined                               no-undef
  132:25  warning  'N' is not defined                                   no-undef
  177:22  warning  'MathJax' is not defined                             no-undef
  181:25  warning  'X' is not defined                                   no-undef
  182:21  warning  'X' is not defined                                   no-undef
  183:35  warning  'X' is not defined                                   no-undef
  186:10  warning  'verify_x_bar' is defined but never used             no-unused-vars
  189:17  warning  'X_bar' is not defined                               no-undef
  190:10  warning  'verify_values' is not defined                       no-undef
  190:53  warning  'X_bar' is not defined                               no-undef
  200:5   warning  'z_0' is not defined                                 no-undef
  201:5   warning  'z_0' is not defined                                 no-undef
  201:24  warning  'X_bar' is not defined                               no-undef
  201:32  warning  'mu_0' is not defined                                no-undef
  201:40  warning  'sigma' is not defined                               no-undef
  206:51  warning  'X_bar' is not defined                               no-undef
  209:24  warning  'mu_0' is not defined                                no-undef
  212:25  warning  'sigma' is not defined                               no-undef
  235:22  warning  'MathJax' is not defined                             no-undef
  237:10  warning  'verify_z_0' is defined but never used               no-unused-vars
  240:17  warning  'z_0' is not defined                                 no-undef
  241:10  warning  'verify_values' is not defined                       no-undef
  241:51  warning  'z_0' is not defined                                 no-undef
  255:62  warning  'z_0' is not defined                                 no-undef
  261:22  warning  'MathJax' is not defined                             no-undef

/home/runner/work/exp-z-test-iitb/exp-z-test-iitb/experiment/simulation/js/activity1_p1.js
   1:10  warning  'activity1_p1' is defined but never used  no-unused-vars
   4:19  warning  'get_collapse_btn_text' is not defined    no-undef
   5:5   warning  'maindiv' is not defined                  no-undef
  68:32  warning  'alpha' is not defined                    no-undef
  78:9   warning  'MathJax' is not defined                  no-undef
  80:5   warning  'hide_all_steps' is not defined           no-undef
  82:9   warning  'show_step' is not defined                no-undef

/home/runner/work/exp-z-test-iitb/exp-z-test-iitb/experiment/simulation/js/activity1_p2.js
   1:10  warning  'activity1_p2' is defined but never used  no-unused-vars
   4:19  warning  'get_collapse_btn_text' is not defined    no-undef
   5:5   warning  'maindiv' is not defined                  no-undef
  16:64  warning  'z_0' is not defined                      no-undef
  43:22  warning  'MathJax' is not defined                  no-undef
  44:5   warning  'hide_all_steps' is not defined           no-undef
  46:9   warning  'show_step' is not defined                no-undef
  51:18  warning  'z_0' is not defined                      no-undef
  51:44  warning  'z_0' is not defined                      no-undef
  52:9   warning  'hypo_test_reject_op' is not defined      no-undef
  55:9   warning  'hypo_test_reject_op' is not defined      no-undef
  58:10  warning  'vf_null_hypo' is defined but never used  no-unused-vars
  62:9   warning  'hypo_test_reject_op' is not defined      no-undef
  65:14  warning  'hypo_test_reject_op' is not defined      no-undef
  68:25  warning  'hypo_test_reject_op' is not defined      no-undef

/home/runner/work/exp-z-test-iitb/exp-z-test-iitb/experiment/simulation/js/activity2.js
    1:10  warning  'activity2' is defined but never used          no-unused-vars
    4:5   warning  'X_dash' is not defined                        no-undef
    5:5   warning  'X_dash_bar' is not defined                    no-undef
    8:25  warning  'X' is not defined                             no-undef
    9:9   warning  'X_dash' is not defined                        no-undef
    9:37  warning  'X' is not defined                             no-undef
   10:9   warning  'X_dash_bar' is not defined                    no-undef
   10:23  warning  'X_dash' is not defined                        no-undef
   12:5   warning  'X_dash' is not defined                        no-undef
   13:5   warning  'X_dash_bar' is not defined                    no-undef
   13:30  warning  'X_dash_bar' is not defined                    no-undef
   13:43  warning  'N' is not defined                             no-undef
   14:5   warning  'mu_dash_0' is not defined                     no-undef
   15:5   warning  'mu_dash_0' is not defined                     no-undef
   15:29  warning  'X_dash_bar' is not defined                    no-undef
   15:63  warning  'k' is not defined                             no-undef
   15:68  warning  'k' is not defined                             no-undef
   16:5   warning  'sigma_dash' is not defined                    no-undef
   17:5   warning  'sigma_dash' is not defined                    no-undef
   18:17  warning  'X_dash' is not defined                        no-undef
   19:17  warning  'X_dash_bar' is not defined                    no-undef
   34:5   warning  'maindiv' is not defined                       no-undef
   35:5   warning  'hide_all_steps' is not defined                no-undef
   37:10  warning  'start_act2' is defined but never used         no-unused-vars
   40:19  warning  'get_collapse_btn_text' is not defined         no-undef
   41:5   warning  'maindiv' is not defined                       no-undef
   74:22  warning  'MathJax' is not defined                       no-undef
   75:5   warning  'hide_all_steps' is not defined                no-undef
   77:9   warning  'show_step' is not defined                     no-undef
   83:25  warning  'X_dash' is not defined                        no-undef
   84:21  warning  'X_dash' is not defined                        no-undef
   85:35  warning  'X_dash' is not defined                        no-undef
   88:10  warning  'verify_x_dash_bar' is defined but never used  no-unused-vars
   91:17  warning  'X_dash_bar' is not defined                    no-undef
   92:10  warning  'verify_values' is not defined                 no-undef
   92:54  warning  'X_dash_bar' is not defined                    no-undef
  102:5   warning  'z_dash_0' is not defined                      no-undef
  103:5   warning  'z_dash_0' is not defined                      no-undef
  103:29  warning  'X_dash_bar' is not defined                    no-undef
  103:42  warning  'mu_dash_0' is not defined                     no-undef
  103:55  warning  'sigma_dash' is not defined                    no-undef
  108:53  warning  'X_dash_bar' is not defined                    no-undef
  111:25  warning  'mu_dash_0' is not defined                     no-undef
  114:26  warning  'sigma_dash' is not defined                    no-undef
  136:22  warning  'MathJax' is not defined                       no-undef
  138:10  warning  'verify_z_dash_0' is defined but never used    no-unused-vars
  141:17  warning  'z_dash_0' is not defined                      no-undef
  142:10  warning  'verify_values' is not defined                 no-undef
  142:54  warning  'z_dash_0' is not defined                      no-undef
  156:63  warning  'z_dash_0' is not defined                      no-undef
  162:22  warning  'MathJax' is not defined                       no-undef

/home/runner/work/exp-z-test-iitb/exp-z-test-iitb/experiment/simulation/js/activity2_p1.js
   1:10  warning  'activity2_p1' is defined but never used  no-unused-vars
   4:19  warning  'get_collapse_btn_text' is not defined    no-undef
   5:5   warning  'maindiv' is not defined                  no-undef
  68:32  warning  'alpha' is not defined                    no-undef
  76:9   warning  'MathJax' is not defined                  no-undef
  78:5   warning  'hide_all_steps' is not defined           no-undef
  80:9   warning  'show_step' is not defined                no-undef

/home/runner/work/exp-z-test-iitb/exp-z-test-iitb/experiment/simulation/js/activity2_p2.js
   1:10  warning  'activity2_p2' is defined but never used     no-unused-vars
   4:19  warning  'get_collapse_btn_text' is not defined       no-undef
   5:5   warning  'maindiv' is not defined                     no-undef
  16:68  warning  'z_dash_0' is not defined                    no-undef
  43:22  warning  'MathJax' is not defined                     no-undef
  44:5   warning  'hide_all_steps' is not defined              no-undef
  46:9   warning  'show_step' is not defined                   no-undef
  51:18  warning  'z_dash_0' is not defined                    no-undef
  51:49  warning  'z_dash_0' is not defined                    no-undef
  52:9   warning  'hypo_test_reject_op_a2' is not defined      no-undef
  55:9   warning  'hypo_test_reject_op_a2' is not defined      no-undef
  58:10  warning  'a2_vf_null_hypo' is defined but never used  no-unused-vars
  62:9   warning  'hypo_test_reject_op_a2' is not defined      no-undef
  65:14  warning  'hypo_test_reject_op_a2' is not defined      no-undef
  68:25  warning  'hypo_test_reject_op_a2' is not defined      no-undef

/home/runner/work/exp-z-test-iitb/exp-z-test-iitb/experiment/simulation/js/activity3.js
  1:10  warning  'activity3' is defined but never used  no-unused-vars

/home/runner/work/exp-z-test-iitb/exp-z-test-iitb/experiment/simulation/js/data.js
   1:5   warning  'alpha' is assigned a value but never used                   no-unused-vars
   3:5   warning  'N' is assigned a value but never used                       no-unused-vars
   4:5   warning  'k' is assigned a value but never used                       no-unused-vars
   5:5   warning  'epsilon' is assigned a value but never used                 no-unused-vars
  10:5   warning  'x0' is assigned a value but never used                      no-unused-vars
  16:5   warning  'X' is assigned a value but never used                       no-unused-vars
  22:5   warning  'sum_x' is assigned a value but never used                   no-unused-vars
  23:5   warning  'X_bar' is assigned a value but never used                   no-unused-vars
  24:5   warning  'mu_0' is assigned a value but never used                    no-unused-vars
  25:5   warning  'sigma' is assigned a value but never used                   no-unused-vars
  26:5   warning  'z_0' is assigned a value but never used                     no-unused-vars
  28:5   warning  'alpha_dd_options' is assigned a value but never used        no-unused-vars
  29:5   warning  'z_table_data' is assigned a value but never used            no-unused-vars
  29:20  warning  'z_table' is not defined                                     no-undef
  36:5   warning  'hypo_test_reject_op' is assigned a value but never used     no-unused-vars
  38:5   warning  'X_dash' is assigned a value but never used                  no-unused-vars
  44:5   warning  'X_dash_bar' is assigned a value but never used              no-unused-vars
  45:5   warning  'mu_dash_0' is assigned a value but never used               no-unused-vars
  46:5   warning  'sigma_dash' is assigned a value but never used              no-unused-vars
  47:5   warning  'z_dash_0' is assigned a value but never used                no-unused-vars
  48:5   warning  'hypo_test_reject_op_a2' is assigned a value but never used  no-unused-vars

/home/runner/work/exp-z-test-iitb/exp-z-test-iitb/experiment/simulation/js/z_table.js
  1:5  warning  'z_table' is assigned a value but never used  no-unused-vars

✖ 236 problems (0 errors, 236 warnings)

